2022-12-20 11:45:51 INFO  DesktopPage :104 - Mouse Hover On Desktop[[ChromeDriver: chrome on WINDOWS (57726970f1307b6df73f3a6151fc4693)] -> link text: Desktops]
2022-12-20 11:45:51 INFO  DesktopPage :108 - click On Show All Desktop[[ChromeDriver: chrome on WINDOWS (57726970f1307b6df73f3a6151fc4693)] -> link text: Show All Desktops]
2022-12-20 11:45:51 INFO  DesktopPage :135 - Sort Name (A - Z) By Position NameAtoZ[[ChromeDriver: chrome on WINDOWS (57726970f1307b6df73f3a6151fc4693)] -> xpath: //select[@id='input-sort']]
2022-12-20 11:45:52 INFO  DesktopPage :139 - Click On Product HPLP3065[[ChromeDriver: chrome on WINDOWS (57726970f1307b6df73f3a6151fc4693)] -> link text: HP LP3065]
2022-12-20 11:45:54 INFO  DesktopPage :143 - Get HPLP3065Text From List[[ChromeDriver: chrome on WINDOWS (57726970f1307b6df73f3a6151fc4693)] -> xpath: //h1[contains(text(),'HP LP3065')]]
2022-12-20 11:45:54 INFO  DesktopPage :147 - Select Delivery Date
2022-12-20 11:46:03 INFO  DesktopPage :173 - enter Quantity1[[ChromeDriver: chrome on WINDOWS (57726970f1307b6df73f3a6151fc4693)] -> xpath: //input[@id='input-quantity']]
2022-12-20 11:46:03 INFO  DesktopPage :178 - Click On Add To Cart[[ChromeDriver: chrome on WINDOWS (57726970f1307b6df73f3a6151fc4693)] -> xpath: //button[@id='button-cart']]
2022-12-20 11:46:08 INFO  DesktopPage :182 - verifyProductAddedToShoppingCartText[[ChromeDriver: chrome on WINDOWS (57726970f1307b6df73f3a6151fc4693)] -> xpath: //div[@class='alert alert-success alert-dismissible']]
2022-12-20 11:46:08 INFO  DesktopPage :186 - clickOnShoppingCart[[ChromeDriver: chrome on WINDOWS (57726970f1307b6df73f3a6151fc4693)] -> xpath: //span[contains(text(),'Shopping Cart')]]
2022-12-20 11:46:13 INFO  DesktopPage :190 - Verify Text ShoppingCart[[ChromeDriver: chrome on WINDOWS (57726970f1307b6df73f3a6151fc4693)] -> xpath: //div[@id='content']//h1]
2022-12-20 11:46:13 INFO  DesktopPage :194 - VerifyTextProductNameHPLP3065[[ChromeDriver: chrome on WINDOWS (57726970f1307b6df73f3a6151fc4693)] -> link text: HP LP3065]
2022-12-20 11:46:18 INFO  DesktopPage :198 - verifyDeliveryDate[[ChromeDriver: chrome on WINDOWS (57726970f1307b6df73f3a6151fc4693)] -> xpath: //div[@class = 'table-responsive']/table/tbody/tr/td[2]/small[1]]
2022-12-20 11:46:18 INFO  DesktopPage :202 - Verify TheModelProduct21 Text[[ChromeDriver: chrome on WINDOWS (57726970f1307b6df73f3a6151fc4693)] -> xpath: //td[contains(text(),'Product 21')]]
2022-12-20 11:46:18 INFO  DesktopPage :206 - verifyTheTotalPriceText[[ChromeDriver: chrome on WINDOWS (57726970f1307b6df73f3a6151fc4693)] -> xpath: //div[@class = 'table-responsive']/table/tbody/tr/td[6]]
2022-12-20 12:00:01 INFO  TopMenuPage :72 - mouseHoverOnLaptopsAndNotebooksTab[[ChromeDriver: chrome on WINDOWS (48df7207ad4c056421507bc936810953)] -> link text: Laptops & Notebooks]
2022-12-20 12:00:01 INFO  LaptopsAndNotebooksPage :162 - clickOnShowAllLaptopsAndNotebooks[[ChromeDriver: chrome on WINDOWS (48df7207ad4c056421507bc936810953)] -> xpath: //a[contains(text(),'Show All Laptops & Notebooks')]]
2022-12-20 12:00:02 INFO  LaptopsAndNotebooksPage :167 - Sort By PriceHighToLow[[ChromeDriver: chrome on WINDOWS (48df7207ad4c056421507bc936810953)] -> xpath: //select[@id='input-sort']]
2022-12-20 12:53:08 INFO  TopMenuPage :72 - mouseHoverOnLaptopsAndNotebooksTab[[ChromeDriver: chrome on WINDOWS (6fa73de1c0b3cb6c22c198f04c62dbfd)] -> link text: Laptops & Notebooks]
2022-12-20 12:53:08 INFO  LaptopsAndNotebooksPage :162 - clickOnShowAllLaptopsAndNotebooks[[ChromeDriver: chrome on WINDOWS (6fa73de1c0b3cb6c22c198f04c62dbfd)] -> xpath: //a[contains(text(),'Show All Laptops & Notebooks')]]
2022-12-20 12:53:08 INFO  LaptopsAndNotebooksPage :167 - Sort By PriceHighToLow[[ChromeDriver: chrome on WINDOWS (6fa73de1c0b3cb6c22c198f04c62dbfd)] -> xpath: //select[@id='input-sort']]
2022-12-20 12:53:09 INFO  LaptopsAndNotebooksPage :205 - Click On MacBookTab[[ChromeDriver: chrome on WINDOWS (6fa73de1c0b3cb6c22c198f04c62dbfd)] -> link text: MacBook]
2022-12-20 12:53:10 INFO  LaptopsAndNotebooksPage :210 - Click On AddToCartButton[[ChromeDriver: chrome on WINDOWS (6fa73de1c0b3cb6c22c198f04c62dbfd)] -> xpath: //button[@id='button-cart']]
2022-12-20 12:53:11 INFO  LaptopsAndNotebooksPage :215 - Get SuccessText From Link[[ChromeDriver: chrome on WINDOWS (6fa73de1c0b3cb6c22c198f04c62dbfd)] -> xpath: //div[@class='alert alert-success alert-dismissible']]
2022-12-20 12:53:11 INFO  LaptopsAndNotebooksPage :220 - Click On ShoppingCart[[ChromeDriver: chrome on WINDOWS (6fa73de1c0b3cb6c22c198f04c62dbfd)] -> xpath: //span[contains(text(),'Shopping Cart')]]
2022-12-20 12:53:11 INFO  LaptopsAndNotebooksPage :225 - get ShoppingCart Message[[ChromeDriver: chrome on WINDOWS (6fa73de1c0b3cb6c22c198f04c62dbfd)] -> xpath: //a[contains(text(),'Shopping Cart')]]
2022-12-20 12:53:11 INFO  LaptopsAndNotebooksPage :230 - Get VerifyProduct Macbook[[ChromeDriver: chrome on WINDOWS (6fa73de1c0b3cb6c22c198f04c62dbfd)] -> link text: MacBook]
2022-12-20 12:53:11 INFO  LaptopsAndNotebooksPage :239 - sendTextChangeQuantityTo2[[ChromeDriver: chrome on WINDOWS (6fa73de1c0b3cb6c22c198f04c62dbfd)] -> xpath: //input[contains(@name, 'quantity')]]
2022-12-20 12:53:11 INFO  LaptopsAndNotebooksPage :244 - Click On UpdateCart[[ChromeDriver: chrome on WINDOWS (6fa73de1c0b3cb6c22c198f04c62dbfd)] -> xpath: //button[contains(@data-original-title, 'Update')]]
2022-12-20 12:53:32 INFO  LaptopsAndNotebooksPage :249 - getSuccessModifiedCartMessageProxy element for: DefaultElementLocator 'By.xpath: //div[@id='checkout-cart']/div[1]'
2022-12-20 12:58:28 INFO  TopMenuPage :72 - mouseHoverOnLaptopsAndNotebooksTab[[ChromeDriver: chrome on WINDOWS (f3dcdbae2a5b8f80763480f4996d82c0)] -> link text: Laptops & Notebooks]
2022-12-20 12:58:29 INFO  LaptopsAndNotebooksPage :162 - clickOnShowAllLaptopsAndNotebooks[[ChromeDriver: chrome on WINDOWS (f3dcdbae2a5b8f80763480f4996d82c0)] -> xpath: //a[contains(text(),'Show All Laptops & Notebooks')]]
2022-12-20 12:58:29 INFO  LaptopsAndNotebooksPage :167 - Sort By PriceHighToLow[[ChromeDriver: chrome on WINDOWS (f3dcdbae2a5b8f80763480f4996d82c0)] -> xpath: //select[@id='input-sort']]
2022-12-20 12:58:30 INFO  LaptopsAndNotebooksPage :205 - Click On MacBookTab[[ChromeDriver: chrome on WINDOWS (f3dcdbae2a5b8f80763480f4996d82c0)] -> link text: MacBook]
2022-12-20 12:58:31 INFO  LaptopsAndNotebooksPage :210 - Click On AddToCartButton[[ChromeDriver: chrome on WINDOWS (f3dcdbae2a5b8f80763480f4996d82c0)] -> xpath: //button[@id='button-cart']]
2022-12-20 12:58:32 INFO  LaptopsAndNotebooksPage :215 - Get SuccessText From Link[[ChromeDriver: chrome on WINDOWS (f3dcdbae2a5b8f80763480f4996d82c0)] -> xpath: //div[@class='alert alert-success alert-dismissible']]
2022-12-20 12:58:32 INFO  LaptopsAndNotebooksPage :220 - Click On ShoppingCart[[ChromeDriver: chrome on WINDOWS (f3dcdbae2a5b8f80763480f4996d82c0)] -> xpath: //span[contains(text(),'Shopping Cart')]]
2022-12-20 12:58:32 INFO  LaptopsAndNotebooksPage :225 - get ShoppingCart Message[[ChromeDriver: chrome on WINDOWS (f3dcdbae2a5b8f80763480f4996d82c0)] -> xpath: //a[contains(text(),'Shopping Cart')]]
2022-12-20 12:58:32 INFO  LaptopsAndNotebooksPage :230 - Get VerifyProduct Macbook[[ChromeDriver: chrome on WINDOWS (f3dcdbae2a5b8f80763480f4996d82c0)] -> link text: MacBook]
2022-12-20 12:58:32 INFO  LaptopsAndNotebooksPage :239 - sendTextChangeQuantityTo2[[ChromeDriver: chrome on WINDOWS (f3dcdbae2a5b8f80763480f4996d82c0)] -> xpath: //input[contains(@name, 'quantity')]]
2022-12-20 12:58:32 INFO  LaptopsAndNotebooksPage :244 - Click On UpdateCart[[ChromeDriver: chrome on WINDOWS (f3dcdbae2a5b8f80763480f4996d82c0)] -> xpath: //button[contains(@data-original-title, 'Update')]]
2022-12-20 12:58:42 INFO  LaptopsAndNotebooksPage :249 - getSuccessModifiedCartMessageProxy element for: DefaultElementLocator 'By.xpath: //div[@id='checkout-cart']/div[1]'
2022-12-20 13:00:16 INFO  TopMenuPage :72 - mouseHoverOnLaptopsAndNotebooksTab[[ChromeDriver: chrome on WINDOWS (7cb0d2e83e2cff2b7022b447125bad19)] -> link text: Laptops & Notebooks]
2022-12-20 13:00:16 INFO  LaptopsAndNotebooksPage :162 - clickOnShowAllLaptopsAndNotebooks[[ChromeDriver: chrome on WINDOWS (7cb0d2e83e2cff2b7022b447125bad19)] -> xpath: //a[contains(text(),'Show All Laptops & Notebooks')]]
2022-12-20 13:00:17 INFO  LaptopsAndNotebooksPage :167 - Sort By PriceHighToLow[[ChromeDriver: chrome on WINDOWS (7cb0d2e83e2cff2b7022b447125bad19)] -> xpath: //select[@id='input-sort']]
2022-12-20 13:00:18 INFO  LaptopsAndNotebooksPage :205 - Click On MacBookTab[[ChromeDriver: chrome on WINDOWS (7cb0d2e83e2cff2b7022b447125bad19)] -> link text: MacBook]
2022-12-20 13:00:19 INFO  LaptopsAndNotebooksPage :210 - Click On AddToCartButton[[ChromeDriver: chrome on WINDOWS (7cb0d2e83e2cff2b7022b447125bad19)] -> xpath: //button[@id='button-cart']]
2022-12-20 13:00:19 INFO  LaptopsAndNotebooksPage :215 - Get SuccessText From Link[[ChromeDriver: chrome on WINDOWS (7cb0d2e83e2cff2b7022b447125bad19)] -> xpath: //div[@class='alert alert-success alert-dismissible']]
2022-12-20 13:00:19 INFO  LaptopsAndNotebooksPage :220 - Click On ShoppingCart[[ChromeDriver: chrome on WINDOWS (7cb0d2e83e2cff2b7022b447125bad19)] -> xpath: //span[contains(text(),'Shopping Cart')]]
2022-12-20 13:00:20 INFO  LaptopsAndNotebooksPage :225 - get ShoppingCart Message[[ChromeDriver: chrome on WINDOWS (7cb0d2e83e2cff2b7022b447125bad19)] -> xpath: //a[contains(text(),'Shopping Cart')]]
2022-12-20 13:00:20 INFO  LaptopsAndNotebooksPage :230 - Get VerifyProduct Macbook[[ChromeDriver: chrome on WINDOWS (7cb0d2e83e2cff2b7022b447125bad19)] -> link text: MacBook]
2022-12-20 13:00:20 INFO  LaptopsAndNotebooksPage :239 - sendTextChangeQuantityTo2[[ChromeDriver: chrome on WINDOWS (7cb0d2e83e2cff2b7022b447125bad19)] -> xpath: //input[contains(@name, 'quantity')]]
2022-12-20 13:00:20 INFO  LaptopsAndNotebooksPage :244 - Click On UpdateCart[[ChromeDriver: chrome on WINDOWS (7cb0d2e83e2cff2b7022b447125bad19)] -> xpath: //button[contains(@data-original-title, 'Update')]]
2022-12-20 13:00:20 INFO  LaptopsAndNotebooksPage :249 - getSuccessModifiedCartMessage[[ChromeDriver: chrome on WINDOWS (7cb0d2e83e2cff2b7022b447125bad19)] -> xpath: //div[@id='checkout-cart']/div[1]]
2022-12-20 13:00:21 INFO  LaptopsAndNotebooksPage :254 - Get VerifyTotal[[ChromeDriver: chrome on WINDOWS (7cb0d2e83e2cff2b7022b447125bad19)] -> xpath: //tbody/tr[1]/td[6]]
2022-12-20 13:02:12 INFO  TopMenuPage :72 - mouseHoverOnLaptopsAndNotebooksTab[[ChromeDriver: chrome on WINDOWS (67e949b3ff560fcfcac96bc0ac57bc06)] -> link text: Laptops & Notebooks]
2022-12-20 13:02:12 INFO  LaptopsAndNotebooksPage :162 - clickOnShowAllLaptopsAndNotebooks[[ChromeDriver: chrome on WINDOWS (67e949b3ff560fcfcac96bc0ac57bc06)] -> xpath: //a[contains(text(),'Show All Laptops & Notebooks')]]
2022-12-20 13:02:13 INFO  LaptopsAndNotebooksPage :167 - Sort By PriceHighToLow[[ChromeDriver: chrome on WINDOWS (67e949b3ff560fcfcac96bc0ac57bc06)] -> xpath: //select[@id='input-sort']]
2022-12-20 13:02:14 INFO  LaptopsAndNotebooksPage :205 - Click On MacBookTab[[ChromeDriver: chrome on WINDOWS (67e949b3ff560fcfcac96bc0ac57bc06)] -> link text: MacBook]
2022-12-20 13:02:15 INFO  LaptopsAndNotebooksPage :210 - Click On AddToCartButton[[ChromeDriver: chrome on WINDOWS (67e949b3ff560fcfcac96bc0ac57bc06)] -> xpath: //button[@id='button-cart']]
2022-12-20 13:02:16 INFO  LaptopsAndNotebooksPage :215 - Get SuccessText From Link[[ChromeDriver: chrome on WINDOWS (67e949b3ff560fcfcac96bc0ac57bc06)] -> xpath: //div[@class='alert alert-success alert-dismissible']]
2022-12-20 13:02:16 INFO  LaptopsAndNotebooksPage :220 - Click On ShoppingCart[[ChromeDriver: chrome on WINDOWS (67e949b3ff560fcfcac96bc0ac57bc06)] -> xpath: //span[contains(text(),'Shopping Cart')]]
2022-12-20 13:02:16 INFO  LaptopsAndNotebooksPage :225 - get ShoppingCart Message[[ChromeDriver: chrome on WINDOWS (67e949b3ff560fcfcac96bc0ac57bc06)] -> xpath: //a[contains(text(),'Shopping Cart')]]
2022-12-20 13:02:16 INFO  LaptopsAndNotebooksPage :230 - Get VerifyProduct Macbook[[ChromeDriver: chrome on WINDOWS (67e949b3ff560fcfcac96bc0ac57bc06)] -> link text: MacBook]
2022-12-20 13:02:16 INFO  LaptopsAndNotebooksPage :239 - sendTextChangeQuantityTo2[[ChromeDriver: chrome on WINDOWS (67e949b3ff560fcfcac96bc0ac57bc06)] -> xpath: //input[contains(@name, 'quantity')]]
2022-12-20 13:02:17 INFO  LaptopsAndNotebooksPage :244 - Click On UpdateCart[[ChromeDriver: chrome on WINDOWS (67e949b3ff560fcfcac96bc0ac57bc06)] -> xpath: //button[contains(@data-original-title, 'Update')]]
2022-12-20 13:02:17 INFO  LaptopsAndNotebooksPage :249 - getSuccessModifiedCartMessage[[ChromeDriver: chrome on WINDOWS (67e949b3ff560fcfcac96bc0ac57bc06)] -> xpath: //div[@id='checkout-cart']/div[1]]
2022-12-20 13:02:17 INFO  LaptopsAndNotebooksPage :254 - Get VerifyTotal[[ChromeDriver: chrome on WINDOWS (67e949b3ff560fcfcac96bc0ac57bc06)] -> xpath: //tbody/tr[1]/td[6]]
2022-12-20 13:02:17 INFO  LaptopsAndNotebooksPage :259 - Click On CheckoutButton[[ChromeDriver: chrome on WINDOWS (67e949b3ff560fcfcac96bc0ac57bc06)] -> xpath: //a[contains(text(),'Checkout')]]
2022-12-20 13:02:18 INFO  LaptopsAndNotebooksPage :264 - Get Checkout Text[[ChromeDriver: chrome on WINDOWS (67e949b3ff560fcfcac96bc0ac57bc06)] -> xpath: //h1[contains(text(),'Checkout')]]
2022-12-20 13:02:18 INFO  LaptopsAndNotebooksPage :269 - Get NewCustomer Text[[ChromeDriver: chrome on WINDOWS (67e949b3ff560fcfcac96bc0ac57bc06)] -> xpath: //div[@class='col-sm-6']//h2]
2022-12-20 13:04:56 INFO  TopMenuPage :72 - mouseHoverOnLaptopsAndNotebooksTab[[ChromeDriver: chrome on WINDOWS (80bf8c8d19a3c48c3b2d19767e588865)] -> link text: Laptops & Notebooks]
2022-12-20 13:04:56 INFO  LaptopsAndNotebooksPage :162 - clickOnShowAllLaptopsAndNotebooks[[ChromeDriver: chrome on WINDOWS (80bf8c8d19a3c48c3b2d19767e588865)] -> xpath: //a[contains(text(),'Show All Laptops & Notebooks')]]
2022-12-20 13:04:57 INFO  LaptopsAndNotebooksPage :167 - Sort By PriceHighToLow[[ChromeDriver: chrome on WINDOWS (80bf8c8d19a3c48c3b2d19767e588865)] -> xpath: //select[@id='input-sort']]
2022-12-20 13:04:57 INFO  LaptopsAndNotebooksPage :205 - Click On MacBookTab[[ChromeDriver: chrome on WINDOWS (80bf8c8d19a3c48c3b2d19767e588865)] -> link text: MacBook]
2022-12-20 13:04:58 INFO  LaptopsAndNotebooksPage :210 - Click On AddToCartButton[[ChromeDriver: chrome on WINDOWS (80bf8c8d19a3c48c3b2d19767e588865)] -> xpath: //button[@id='button-cart']]
2022-12-20 13:04:59 INFO  LaptopsAndNotebooksPage :215 - Get SuccessText From Link[[ChromeDriver: chrome on WINDOWS (80bf8c8d19a3c48c3b2d19767e588865)] -> xpath: //div[@class='alert alert-success alert-dismissible']]
2022-12-20 13:04:59 INFO  LaptopsAndNotebooksPage :220 - Click On ShoppingCart[[ChromeDriver: chrome on WINDOWS (80bf8c8d19a3c48c3b2d19767e588865)] -> xpath: //span[contains(text(),'Shopping Cart')]]
2022-12-20 13:04:59 INFO  LaptopsAndNotebooksPage :225 - get ShoppingCart Message[[ChromeDriver: chrome on WINDOWS (80bf8c8d19a3c48c3b2d19767e588865)] -> xpath: //a[contains(text(),'Shopping Cart')]]
2022-12-20 13:05:00 INFO  LaptopsAndNotebooksPage :230 - Get VerifyProduct Macbook[[ChromeDriver: chrome on WINDOWS (80bf8c8d19a3c48c3b2d19767e588865)] -> link text: MacBook]
2022-12-20 13:05:00 INFO  LaptopsAndNotebooksPage :239 - sendTextChangeQuantityTo2[[ChromeDriver: chrome on WINDOWS (80bf8c8d19a3c48c3b2d19767e588865)] -> xpath: //input[contains(@name, 'quantity')]]
2022-12-20 13:05:00 INFO  LaptopsAndNotebooksPage :244 - Click On UpdateCart[[ChromeDriver: chrome on WINDOWS (80bf8c8d19a3c48c3b2d19767e588865)] -> xpath: //button[contains(@data-original-title, 'Update')]]
2022-12-20 13:05:01 INFO  LaptopsAndNotebooksPage :249 - getSuccessModifiedCartMessage[[ChromeDriver: chrome on WINDOWS (80bf8c8d19a3c48c3b2d19767e588865)] -> xpath: //div[@id='checkout-cart']/div[1]]
2022-12-20 13:05:01 INFO  LaptopsAndNotebooksPage :254 - Get VerifyTotal[[ChromeDriver: chrome on WINDOWS (80bf8c8d19a3c48c3b2d19767e588865)] -> xpath: //tbody/tr[1]/td[6]]
2022-12-20 13:05:01 INFO  LaptopsAndNotebooksPage :259 - Click On CheckoutButton[[ChromeDriver: chrome on WINDOWS (80bf8c8d19a3c48c3b2d19767e588865)] -> xpath: //a[contains(text(),'Checkout')]]
2022-12-20 13:05:01 INFO  LaptopsAndNotebooksPage :264 - Get Checkout Text[[ChromeDriver: chrome on WINDOWS (80bf8c8d19a3c48c3b2d19767e588865)] -> xpath: //h1[contains(text(),'Checkout')]]
2022-12-20 13:05:06 INFO  LaptopsAndNotebooksPage :269 - Get NewCustomer Text[[ChromeDriver: chrome on WINDOWS (80bf8c8d19a3c48c3b2d19767e588865)] -> xpath: //div[@class='col-sm-6']//h2]
2022-12-20 13:05:06 INFO  LaptopsAndNotebooksPage :274 - Click On GuestCheckoutRadioButton[[ChromeDriver: chrome on WINDOWS (80bf8c8d19a3c48c3b2d19767e588865)] -> xpath: //input[@name='account' and @value='guest']]
2022-12-20 13:05:06 INFO  LaptopsAndNotebooksPage :279 - Click On ContinueTab[[ChromeDriver: chrome on WINDOWS (80bf8c8d19a3c48c3b2d19767e588865)] -> xpath: //input[@id='button-account']]
2022-12-20 13:05:07 INFO  LaptopsAndNotebooksPage :284 - Enter Name Jack in firstname field[[ChromeDriver: chrome on WINDOWS (80bf8c8d19a3c48c3b2d19767e588865)] -> name: firstname]
2022-12-20 13:05:07 INFO  LaptopsAndNotebooksPage :289 - Enter LastName Sparrow in lastname field [[ChromeDriver: chrome on WINDOWS (80bf8c8d19a3c48c3b2d19767e588865)] -> name: lastname]
2022-12-20 13:05:07 INFO  LaptopsAndNotebooksPage :294 - Enter Email  jack1001@gmail.com to email field[[ChromeDriver: chrome on WINDOWS (80bf8c8d19a3c48c3b2d19767e588865)] -> id: input-payment-email]
2022-12-20 13:05:07 INFO  LaptopsAndNotebooksPage :299 - Enter Telephone 07722567890 in telephone field 07722567890
2022-12-20 13:05:07 INFO  LaptopsAndNotebooksPage :304 - enter Address[[ChromeDriver: chrome on WINDOWS (80bf8c8d19a3c48c3b2d19767e588865)] -> name: address_1]
2022-12-20 13:05:08 INFO  LaptopsAndNotebooksPage :309 - Enter City [[ChromeDriver: chrome on WINDOWS (80bf8c8d19a3c48c3b2d19767e588865)] -> name: city]
2022-12-20 13:05:08 INFO  LaptopsAndNotebooksPage :314 - Enter Postcode[[ChromeDriver: chrome on WINDOWS (80bf8c8d19a3c48c3b2d19767e588865)] -> name: postcode]
2022-12-20 13:05:08 INFO  LaptopsAndNotebooksPage :319 - enter Country[[ChromeDriver: chrome on WINDOWS (80bf8c8d19a3c48c3b2d19767e588865)] -> id: input-payment-country]
2022-12-20 13:05:08 INFO  LaptopsAndNotebooksPage :324 - enter Zone[[ChromeDriver: chrome on WINDOWS (80bf8c8d19a3c48c3b2d19767e588865)] -> xpath: //select[@id='input-payment-zone']]
2022-12-20 13:05:08 INFO  LaptopsAndNotebooksPage :329 - clickOnContinueButton[[ChromeDriver: chrome on WINDOWS (80bf8c8d19a3c48c3b2d19767e588865)] -> xpath: //input[@id='button-guest']]
2022-12-20 13:05:09 INFO  LaptopsAndNotebooksPage :334 - enterTextToTextArea[[ChromeDriver: chrome on WINDOWS (80bf8c8d19a3c48c3b2d19767e588865)] -> xpath: //textarea[@name='comment']]
2022-12-20 13:05:09 INFO  LaptopsAndNotebooksPage :339 - clickOnTermsAndConditionsCheckbox[[ChromeDriver: chrome on WINDOWS (80bf8c8d19a3c48c3b2d19767e588865)] -> name: agree]
2022-12-20 13:07:10 INFO  TopMenuPage :72 - mouseHoverOnLaptopsAndNotebooksTab[[ChromeDriver: chrome on WINDOWS (103f17d448ee8aeed53ee93adca90635)] -> link text: Laptops & Notebooks]
2022-12-20 13:07:11 INFO  LaptopsAndNotebooksPage :162 - clickOnShowAllLaptopsAndNotebooks[[ChromeDriver: chrome on WINDOWS (103f17d448ee8aeed53ee93adca90635)] -> xpath: //a[contains(text(),'Show All Laptops & Notebooks')]]
2022-12-20 13:07:11 INFO  LaptopsAndNotebooksPage :167 - Sort By PriceHighToLow[[ChromeDriver: chrome on WINDOWS (103f17d448ee8aeed53ee93adca90635)] -> xpath: //select[@id='input-sort']]
2022-12-20 13:07:12 INFO  LaptopsAndNotebooksPage :205 - Click On MacBookTab[[ChromeDriver: chrome on WINDOWS (103f17d448ee8aeed53ee93adca90635)] -> link text: MacBook]
2022-12-20 13:07:13 INFO  LaptopsAndNotebooksPage :210 - Click On AddToCartButton[[ChromeDriver: chrome on WINDOWS (103f17d448ee8aeed53ee93adca90635)] -> xpath: //button[@id='button-cart']]
2022-12-20 13:07:14 INFO  LaptopsAndNotebooksPage :215 - Get SuccessText From Link[[ChromeDriver: chrome on WINDOWS (103f17d448ee8aeed53ee93adca90635)] -> xpath: //div[@class='alert alert-success alert-dismissible']]
2022-12-20 13:07:14 INFO  LaptopsAndNotebooksPage :220 - Click On ShoppingCart[[ChromeDriver: chrome on WINDOWS (103f17d448ee8aeed53ee93adca90635)] -> xpath: //span[contains(text(),'Shopping Cart')]]
2022-12-20 13:07:14 INFO  LaptopsAndNotebooksPage :225 - get ShoppingCart Message[[ChromeDriver: chrome on WINDOWS (103f17d448ee8aeed53ee93adca90635)] -> xpath: //a[contains(text(),'Shopping Cart')]]
2022-12-20 13:07:14 INFO  LaptopsAndNotebooksPage :230 - Get VerifyProduct Macbook[[ChromeDriver: chrome on WINDOWS (103f17d448ee8aeed53ee93adca90635)] -> link text: MacBook]
2022-12-20 13:07:15 INFO  LaptopsAndNotebooksPage :239 - sendTextChangeQuantityTo2[[ChromeDriver: chrome on WINDOWS (103f17d448ee8aeed53ee93adca90635)] -> xpath: //input[contains(@name, 'quantity')]]
2022-12-20 13:07:15 INFO  LaptopsAndNotebooksPage :244 - Click On UpdateCart[[ChromeDriver: chrome on WINDOWS (103f17d448ee8aeed53ee93adca90635)] -> xpath: //button[contains(@data-original-title, 'Update')]]
2022-12-20 13:07:15 INFO  LaptopsAndNotebooksPage :249 - getSuccessModifiedCartMessage[[ChromeDriver: chrome on WINDOWS (103f17d448ee8aeed53ee93adca90635)] -> xpath: //div[@id='checkout-cart']/div[1]]
2022-12-20 13:07:15 INFO  LaptopsAndNotebooksPage :254 - Get VerifyTotal[[ChromeDriver: chrome on WINDOWS (103f17d448ee8aeed53ee93adca90635)] -> xpath: //tbody/tr[1]/td[6]]
2022-12-20 13:07:16 INFO  LaptopsAndNotebooksPage :259 - Click On CheckoutButton[[ChromeDriver: chrome on WINDOWS (103f17d448ee8aeed53ee93adca90635)] -> xpath: //a[contains(text(),'Checkout')]]
2022-12-20 13:07:16 INFO  LaptopsAndNotebooksPage :264 - Get Checkout Text[[ChromeDriver: chrome on WINDOWS (103f17d448ee8aeed53ee93adca90635)] -> xpath: //h1[contains(text(),'Checkout')]]
2022-12-20 13:07:21 INFO  LaptopsAndNotebooksPage :269 - Get NewCustomer Text[[ChromeDriver: chrome on WINDOWS (103f17d448ee8aeed53ee93adca90635)] -> xpath: //div[@class='col-sm-6']//h2]
2022-12-20 13:07:21 INFO  LaptopsAndNotebooksPage :274 - Click On GuestCheckoutRadioButton[[ChromeDriver: chrome on WINDOWS (103f17d448ee8aeed53ee93adca90635)] -> xpath: //input[@name='account' and @value='guest']]
2022-12-20 13:07:21 INFO  LaptopsAndNotebooksPage :279 - Click On ContinueTab[[ChromeDriver: chrome on WINDOWS (103f17d448ee8aeed53ee93adca90635)] -> xpath: //input[@id='button-account']]
2022-12-20 13:07:21 INFO  LaptopsAndNotebooksPage :284 - Enter Name Jack in firstname field[[ChromeDriver: chrome on WINDOWS (103f17d448ee8aeed53ee93adca90635)] -> name: firstname]
2022-12-20 13:07:22 INFO  LaptopsAndNotebooksPage :289 - Enter LastName Sparrow in lastname field [[ChromeDriver: chrome on WINDOWS (103f17d448ee8aeed53ee93adca90635)] -> name: lastname]
2022-12-20 13:07:22 INFO  LaptopsAndNotebooksPage :294 - Enter Email  jack1002@gmail.com to email field[[ChromeDriver: chrome on WINDOWS (103f17d448ee8aeed53ee93adca90635)] -> id: input-payment-email]
2022-12-20 13:07:22 INFO  LaptopsAndNotebooksPage :299 - Enter Telephone 07722567890 in telephone field 07722567890
2022-12-20 13:07:22 INFO  LaptopsAndNotebooksPage :304 - enter Address[[ChromeDriver: chrome on WINDOWS (103f17d448ee8aeed53ee93adca90635)] -> name: address_1]
2022-12-20 13:07:22 INFO  LaptopsAndNotebooksPage :309 - Enter City [[ChromeDriver: chrome on WINDOWS (103f17d448ee8aeed53ee93adca90635)] -> name: city]
2022-12-20 13:07:22 INFO  LaptopsAndNotebooksPage :314 - Enter Postcode[[ChromeDriver: chrome on WINDOWS (103f17d448ee8aeed53ee93adca90635)] -> name: postcode]
2022-12-20 13:07:23 INFO  LaptopsAndNotebooksPage :319 - enter Country[[ChromeDriver: chrome on WINDOWS (103f17d448ee8aeed53ee93adca90635)] -> id: input-payment-country]
2022-12-20 13:07:23 INFO  LaptopsAndNotebooksPage :324 - enter Zone[[ChromeDriver: chrome on WINDOWS (103f17d448ee8aeed53ee93adca90635)] -> xpath: //select[@id='input-payment-zone']]
2022-12-20 13:07:23 INFO  LaptopsAndNotebooksPage :329 - clickOnContinueButton[[ChromeDriver: chrome on WINDOWS (103f17d448ee8aeed53ee93adca90635)] -> xpath: //input[@id='button-guest']]
2022-12-20 13:07:43 INFO  LaptopsAndNotebooksPage :334 - enterTextToTextAreaProxy element for: DefaultElementLocator 'By.xpath: //textarea[@name='comment']'
2022-12-20 13:11:06 INFO  TopMenuPage :72 - mouseHoverOnLaptopsAndNotebooksTab[[ChromeDriver: chrome on WINDOWS (468e211ed57c2686922dd1ed5a87dc25)] -> link text: Laptops & Notebooks]
2022-12-20 13:11:06 INFO  LaptopsAndNotebooksPage :162 - clickOnShowAllLaptopsAndNotebooks[[ChromeDriver: chrome on WINDOWS (468e211ed57c2686922dd1ed5a87dc25)] -> xpath: //a[contains(text(),'Show All Laptops & Notebooks')]]
2022-12-20 13:11:07 INFO  LaptopsAndNotebooksPage :167 - Sort By PriceHighToLow[[ChromeDriver: chrome on WINDOWS (468e211ed57c2686922dd1ed5a87dc25)] -> xpath: //select[@id='input-sort']]
2022-12-20 13:11:07 INFO  LaptopsAndNotebooksPage :205 - Click On MacBookTab[[ChromeDriver: chrome on WINDOWS (468e211ed57c2686922dd1ed5a87dc25)] -> link text: MacBook]
2022-12-20 13:11:09 INFO  LaptopsAndNotebooksPage :210 - Click On AddToCartButton[[ChromeDriver: chrome on WINDOWS (468e211ed57c2686922dd1ed5a87dc25)] -> xpath: //button[@id='button-cart']]
2022-12-20 13:11:09 INFO  LaptopsAndNotebooksPage :215 - Get SuccessText From Link[[ChromeDriver: chrome on WINDOWS (468e211ed57c2686922dd1ed5a87dc25)] -> xpath: //div[@class='alert alert-success alert-dismissible']]
2022-12-20 13:11:09 INFO  LaptopsAndNotebooksPage :220 - Click On ShoppingCart[[ChromeDriver: chrome on WINDOWS (468e211ed57c2686922dd1ed5a87dc25)] -> xpath: //span[contains(text(),'Shopping Cart')]]
2022-12-20 13:11:10 INFO  LaptopsAndNotebooksPage :225 - get ShoppingCart Message[[ChromeDriver: chrome on WINDOWS (468e211ed57c2686922dd1ed5a87dc25)] -> xpath: //a[contains(text(),'Shopping Cart')]]
2022-12-20 13:11:10 INFO  LaptopsAndNotebooksPage :230 - Get VerifyProduct Macbook[[ChromeDriver: chrome on WINDOWS (468e211ed57c2686922dd1ed5a87dc25)] -> link text: MacBook]
2022-12-20 13:11:10 INFO  LaptopsAndNotebooksPage :239 - sendTextChangeQuantityTo2[[ChromeDriver: chrome on WINDOWS (468e211ed57c2686922dd1ed5a87dc25)] -> xpath: //input[contains(@name, 'quantity')]]
2022-12-20 13:11:10 INFO  LaptopsAndNotebooksPage :244 - Click On UpdateCart[[ChromeDriver: chrome on WINDOWS (468e211ed57c2686922dd1ed5a87dc25)] -> xpath: //button[contains(@data-original-title, 'Update')]]
2022-12-20 13:11:11 INFO  LaptopsAndNotebooksPage :249 - getSuccessModifiedCartMessage[[ChromeDriver: chrome on WINDOWS (468e211ed57c2686922dd1ed5a87dc25)] -> xpath: //div[@id='checkout-cart']/div[1]]
2022-12-20 13:11:11 INFO  LaptopsAndNotebooksPage :254 - Get VerifyTotal[[ChromeDriver: chrome on WINDOWS (468e211ed57c2686922dd1ed5a87dc25)] -> xpath: //tbody/tr[1]/td[6]]
2022-12-20 13:11:11 INFO  LaptopsAndNotebooksPage :259 - Click On CheckoutButton[[ChromeDriver: chrome on WINDOWS (468e211ed57c2686922dd1ed5a87dc25)] -> xpath: //a[contains(text(),'Checkout')]]
2022-12-20 13:11:11 INFO  LaptopsAndNotebooksPage :264 - Get Checkout Text[[ChromeDriver: chrome on WINDOWS (468e211ed57c2686922dd1ed5a87dc25)] -> xpath: //h1[contains(text(),'Checkout')]]
2022-12-20 13:11:16 INFO  LaptopsAndNotebooksPage :269 - Get NewCustomer Text[[ChromeDriver: chrome on WINDOWS (468e211ed57c2686922dd1ed5a87dc25)] -> xpath: //div[@class='col-sm-6']//h2]
2022-12-20 13:11:16 INFO  LaptopsAndNotebooksPage :274 - Click On GuestCheckoutRadioButton[[ChromeDriver: chrome on WINDOWS (468e211ed57c2686922dd1ed5a87dc25)] -> xpath: //input[@name='account' and @value='guest']]
2022-12-20 13:11:16 INFO  LaptopsAndNotebooksPage :279 - Click On ContinueTab[[ChromeDriver: chrome on WINDOWS (468e211ed57c2686922dd1ed5a87dc25)] -> xpath: //input[@id='button-account']]
2022-12-20 13:11:17 INFO  LaptopsAndNotebooksPage :284 - Enter Name Jack in firstname field[[ChromeDriver: chrome on WINDOWS (468e211ed57c2686922dd1ed5a87dc25)] -> name: firstname]
2022-12-20 13:11:17 INFO  LaptopsAndNotebooksPage :289 - Enter LastName Sparrow in lastname field [[ChromeDriver: chrome on WINDOWS (468e211ed57c2686922dd1ed5a87dc25)] -> name: lastname]
2022-12-20 13:11:17 INFO  LaptopsAndNotebooksPage :294 - Enter Email  jack1003@gmail.com to email field[[ChromeDriver: chrome on WINDOWS (468e211ed57c2686922dd1ed5a87dc25)] -> id: input-payment-email]
2022-12-20 13:11:17 INFO  LaptopsAndNotebooksPage :299 - Enter Telephone 07722567890 in telephone field 07722567890
2022-12-20 13:11:17 INFO  LaptopsAndNotebooksPage :304 - enter Address[[ChromeDriver: chrome on WINDOWS (468e211ed57c2686922dd1ed5a87dc25)] -> name: address_1]
2022-12-20 13:11:17 INFO  LaptopsAndNotebooksPage :309 - Enter City [[ChromeDriver: chrome on WINDOWS (468e211ed57c2686922dd1ed5a87dc25)] -> name: city]
2022-12-20 13:11:18 INFO  LaptopsAndNotebooksPage :314 - Enter Postcode[[ChromeDriver: chrome on WINDOWS (468e211ed57c2686922dd1ed5a87dc25)] -> name: postcode]
2022-12-20 13:11:18 INFO  LaptopsAndNotebooksPage :319 - enter Country[[ChromeDriver: chrome on WINDOWS (468e211ed57c2686922dd1ed5a87dc25)] -> id: input-payment-country]
2022-12-20 13:11:18 INFO  LaptopsAndNotebooksPage :324 - enter Zone[[ChromeDriver: chrome on WINDOWS (468e211ed57c2686922dd1ed5a87dc25)] -> id: input-payment-zone]
2022-12-20 13:11:18 INFO  LaptopsAndNotebooksPage :329 - clickOnContinueButton[[ChromeDriver: chrome on WINDOWS (468e211ed57c2686922dd1ed5a87dc25)] -> xpath: //input[@id='button-guest']]
2022-12-20 13:11:18 INFO  LaptopsAndNotebooksPage :334 - enterTextToTextArea[[ChromeDriver: chrome on WINDOWS (468e211ed57c2686922dd1ed5a87dc25)] -> xpath: //textarea[@name='comment']]
2022-12-20 13:11:24 INFO  LaptopsAndNotebooksPage :339 - clickOnTermsAndConditionsCheckbox[[ChromeDriver: chrome on WINDOWS (468e211ed57c2686922dd1ed5a87dc25)] -> name: agree]
2022-12-20 13:11:24 INFO  LaptopsAndNotebooksPage :344 - clickOnFinalContinueButton[[ChromeDriver: chrome on WINDOWS (468e211ed57c2686922dd1ed5a87dc25)] -> xpath: //input[@id='button-payment-method']]
2022-12-20 13:11:24 INFO  LaptopsAndNotebooksPage :349 - getWarningPaymentMethodRequiredText[[ChromeDriver: chrome on WINDOWS (468e211ed57c2686922dd1ed5a87dc25)] -> xpath: //div[@class='alert alert-danger alert-dismissible']]
2022-12-20 13:47:35 INFO  MyAccountPage :109 - click On MyAccount Link [[ChromeDriver: chrome on WINDOWS (2243fb27021abe43e8ebe265e9102836)] -> xpath: //span[contains(text(),'My Account')]]
2022-12-20 13:47:55 INFO  MyAccountPage :115 - getRegisterAccountMessage[[ChromeDriver: chrome on WINDOWS (2243fb27021abe43e8ebe265e9102836)] -> xpath: //h1[contains(text(),'Register Account')]]
2022-12-20 13:47:59 INFO  MyAccountPage :109 - click On MyAccount Link [[ChromeDriver: chrome on WINDOWS (8b99ef8106f1e3a7ea3bb4d00e6638b4)] -> xpath: //span[contains(text(),'My Account')]]
2022-12-20 13:47:59 INFO  MyAccountPage :120 - getReturningCustomerMessage[[ChromeDriver: chrome on WINDOWS (8b99ef8106f1e3a7ea3bb4d00e6638b4)] -> xpath: //h2[contains(text(),'Returning Customer')]]
2022-12-20 16:34:46 INFO  MyAccountPage :109 - click On MyAccount Link [[ChromeDriver: chrome on WINDOWS (9d84150dcee25a7c888236e40237f8a2)] -> xpath: //span[contains(text(),'My Account')]]
2022-12-20 16:35:07 INFO  MyAccountPage :125 - Enter First Name Leo in field[[ChromeDriver: chrome on WINDOWS (9d84150dcee25a7c888236e40237f8a2)] -> id: input-firstname]
2022-12-20 16:35:07 INFO  MyAccountPage :130 - Enter First Name Messi in field[[ChromeDriver: chrome on WINDOWS (9d84150dcee25a7c888236e40237f8a2)] -> id: input-lastname]
2022-12-20 16:35:07 INFO  MyAccountPage :135 - Enter messi101@gmail.com EmailId[[ChromeDriver: chrome on WINDOWS (9d84150dcee25a7c888236e40237f8a2)] -> id: input-email]
2022-12-20 16:35:08 INFO  MyAccountPage :140 - Enter 07717223344Phone Number[[ChromeDriver: chrome on WINDOWS (9d84150dcee25a7c888236e40237f8a2)] -> id: input-telephone]
2022-12-20 16:35:08 INFO  MyAccountPage :145 - Enter Password Test123 in password field[[ChromeDriver: chrome on WINDOWS (9d84150dcee25a7c888236e40237f8a2)] -> id: input-password]
2022-12-20 16:35:08 INFO  MyAccountPage :150 - enter ConfirmPassword [[ChromeDriver: chrome on WINDOWS (9d84150dcee25a7c888236e40237f8a2)] -> id: input-confirm]
2022-12-20 16:35:08 INFO  MyAccountPage :155 - clickSubscribeOnYesRadioButton [[ChromeDriver: chrome on WINDOWS (9d84150dcee25a7c888236e40237f8a2)] -> xpath: //input[@name='newsletter']]
2022-12-20 16:35:08 INFO  MyAccountPage :160 - clickOnPrivacyPolicyCheckBox[[ChromeDriver: chrome on WINDOWS (9d84150dcee25a7c888236e40237f8a2)] -> xpath: //div[@class = 'buttons']//input[@name='agree']]
2022-12-20 16:35:08 INFO  MyAccountPage :165 - clickOnContinue1[[ChromeDriver: chrome on WINDOWS (9d84150dcee25a7c888236e40237f8a2)] -> xpath: //div[@class = 'buttons']//input[@value='Continue']]
2022-12-20 16:35:09 INFO  MyAccountPage :170 - getAccountCreatedMessage[[ChromeDriver: chrome on WINDOWS (9d84150dcee25a7c888236e40237f8a2)] -> xpath: //h1[contains(text(),'Your Account Has Been Created!')]]
2022-12-20 16:35:09 INFO  MyAccountPage :175 - clickOnContinueButton2[[ChromeDriver: chrome on WINDOWS (9d84150dcee25a7c888236e40237f8a2)] -> xpath: //a[contains(text(),'Continue')]]
2022-12-20 16:35:10 INFO  MyAccountPage :180 - clickOnMyAccountTab[[ChromeDriver: chrome on WINDOWS (9d84150dcee25a7c888236e40237f8a2)] -> xpath: //span[contains(text(),'My Account')]]
2022-12-20 16:35:11 INFO  MyAccountPage :185 - getAccountLogoutMessage[[ChromeDriver: chrome on WINDOWS (9d84150dcee25a7c888236e40237f8a2)] -> xpath: //h1[contains(text(),'Account Logout')]]
2022-12-20 16:35:11 INFO  MyAccountPage :190 - click On Continue Button3[[ChromeDriver: chrome on WINDOWS (9d84150dcee25a7c888236e40237f8a2)] -> xpath: //a[contains(text(),'Continue')]]
2022-12-20 16:50:02 INFO  MyAccountPage :109 - click On MyAccount Link [[ChromeDriver: chrome on WINDOWS (aa29da684f0d91a00c531f2739fdab03)] -> xpath: //span[contains(text(),'My Account')]]
2022-12-20 16:50:02 INFO  MyAccountPage :135 - Enter messi101@gmail.com EmailId[[ChromeDriver: chrome on WINDOWS (aa29da684f0d91a00c531f2739fdab03)] -> id: input-email]
2022-12-20 16:50:02 INFO  MyAccountPage :145 - Enter Password Test123 in password field[[ChromeDriver: chrome on WINDOWS (aa29da684f0d91a00c531f2739fdab03)] -> id: input-password]
2022-12-20 16:50:02 INFO  MyAccountPage :195 - clickOnLogin[[ChromeDriver: chrome on WINDOWS (aa29da684f0d91a00c531f2739fdab03)] -> xpath: //form[contains(@action,'login')]//input[@type='submit']]
2022-12-20 16:50:03 INFO  MyAccountPage :200 - getMyAccountText[[ChromeDriver: chrome on WINDOWS (aa29da684f0d91a00c531f2739fdab03)] -> xpath: //h2[contains(text(),'My Account')]]
2022-12-20 16:50:03 INFO  MyAccountPage :180 - clickOnMyAccountTab[[ChromeDriver: chrome on WINDOWS (aa29da684f0d91a00c531f2739fdab03)] -> xpath: //span[contains(text(),'My Account')]]
2022-12-20 16:50:04 INFO  MyAccountPage :185 - getAccountLogoutMessage[[ChromeDriver: chrome on WINDOWS (aa29da684f0d91a00c531f2739fdab03)] -> xpath: //h1[contains(text(),'Account Logout')]]
2022-12-20 16:50:04 INFO  MyAccountPage :190 - click On Continue Button3[[ChromeDriver: chrome on WINDOWS (aa29da684f0d91a00c531f2739fdab03)] -> xpath: //a[contains(text(),'Continue')]]
2022-12-20 16:53:58 INFO  DesktopPage :104 - Mouse Hover On Desktop[[ChromeDriver: chrome on WINDOWS (fa6440a8291ed980c30cc047cb1c103f)] -> link text: Desktops]
2022-12-20 16:53:59 INFO  DesktopPage :108 - click On Show All Desktop[[ChromeDriver: chrome on WINDOWS (fa6440a8291ed980c30cc047cb1c103f)] -> link text: Show All Desktops]
2022-12-20 16:53:59 INFO  DesktopPage :112 - Sort Name (Z - A) By Position NameZtoA[[ChromeDriver: chrome on WINDOWS (fa6440a8291ed980c30cc047cb1c103f)] -> xpath: //select[@id='input-sort']]
2022-12-20 16:54:05 INFO  DesktopPage :104 - Mouse Hover On Desktop[[ChromeDriver: chrome on WINDOWS (3c1052855ac7c992ed52a6d0edc4cfb0)] -> link text: Desktops]
2022-12-20 16:54:05 INFO  DesktopPage :108 - click On Show All Desktop[[ChromeDriver: chrome on WINDOWS (3c1052855ac7c992ed52a6d0edc4cfb0)] -> link text: Show All Desktops]
2022-12-20 16:54:06 INFO  DesktopPage :135 - Sort Name (A - Z) By Position NameAtoZ[[ChromeDriver: chrome on WINDOWS (3c1052855ac7c992ed52a6d0edc4cfb0)] -> xpath: //select[@id='input-sort']]
2022-12-20 16:54:07 INFO  DesktopPage :139 - Click On Product HPLP3065[[ChromeDriver: chrome on WINDOWS (3c1052855ac7c992ed52a6d0edc4cfb0)] -> link text: HP LP3065]
2022-12-20 16:54:08 INFO  DesktopPage :143 - Get HPLP3065Text From List[[ChromeDriver: chrome on WINDOWS (3c1052855ac7c992ed52a6d0edc4cfb0)] -> xpath: //h1[contains(text(),'HP LP3065')]]
2022-12-20 16:54:09 INFO  DesktopPage :147 - Select Delivery Date
2022-12-20 16:54:23 INFO  DesktopPage :173 - enter Quantity1[[ChromeDriver: chrome on WINDOWS (3c1052855ac7c992ed52a6d0edc4cfb0)] -> xpath: //input[@id='input-quantity']]
2022-12-20 16:54:23 INFO  DesktopPage :178 - Click On Add To Cart[[ChromeDriver: chrome on WINDOWS (3c1052855ac7c992ed52a6d0edc4cfb0)] -> xpath: //button[@id='button-cart']]
2022-12-20 16:54:28 INFO  DesktopPage :182 - verifyProductAddedToShoppingCartText[[ChromeDriver: chrome on WINDOWS (3c1052855ac7c992ed52a6d0edc4cfb0)] -> xpath: //div[@class='alert alert-success alert-dismissible']]
2022-12-20 16:54:28 INFO  DesktopPage :186 - clickOnShoppingCart[[ChromeDriver: chrome on WINDOWS (3c1052855ac7c992ed52a6d0edc4cfb0)] -> xpath: //span[contains(text(),'Shopping Cart')]]
2022-12-20 16:54:34 INFO  DesktopPage :190 - Verify Text ShoppingCart[[ChromeDriver: chrome on WINDOWS (3c1052855ac7c992ed52a6d0edc4cfb0)] -> xpath: //div[@id='content']//h1]
2022-12-20 16:54:34 INFO  DesktopPage :194 - VerifyTextProductNameHPLP3065[[ChromeDriver: chrome on WINDOWS (3c1052855ac7c992ed52a6d0edc4cfb0)] -> link text: HP LP3065]
2022-12-20 16:54:39 INFO  DesktopPage :198 - verifyDeliveryDate[[ChromeDriver: chrome on WINDOWS (3c1052855ac7c992ed52a6d0edc4cfb0)] -> xpath: //div[@class = 'table-responsive']/table/tbody/tr/td[2]/small[1]]
2022-12-20 16:54:39 INFO  DesktopPage :202 - Verify TheModelProduct21 Text[[ChromeDriver: chrome on WINDOWS (3c1052855ac7c992ed52a6d0edc4cfb0)] -> xpath: //td[contains(text(),'Product 21')]]
2022-12-20 16:54:39 INFO  DesktopPage :206 - verifyTheTotalPriceText[[ChromeDriver: chrome on WINDOWS (3c1052855ac7c992ed52a6d0edc4cfb0)] -> xpath: //div[@class = 'table-responsive']/table/tbody/tr/td[6]]
2022-12-20 16:54:43 INFO  TopMenuPage :72 - mouseHoverOnLaptopsAndNotebooksTab[[ChromeDriver: chrome on WINDOWS (d9ebbc1386cbce608686cd4c5133dc00)] -> link text: Laptops & Notebooks]
2022-12-20 16:54:43 INFO  LaptopsAndNotebooksPage :162 - clickOnShowAllLaptopsAndNotebooks[[ChromeDriver: chrome on WINDOWS (d9ebbc1386cbce608686cd4c5133dc00)] -> xpath: //a[contains(text(),'Show All Laptops & Notebooks')]]
2022-12-20 16:54:44 INFO  LaptopsAndNotebooksPage :167 - Sort By PriceHighToLow[[ChromeDriver: chrome on WINDOWS (d9ebbc1386cbce608686cd4c5133dc00)] -> xpath: //select[@id='input-sort']]
2022-12-20 16:54:49 INFO  TopMenuPage :72 - mouseHoverOnLaptopsAndNotebooksTab[[ChromeDriver: chrome on WINDOWS (e9ae3646204277ca9726c82edd1f3a7a)] -> link text: Laptops & Notebooks]
2022-12-20 16:54:49 INFO  LaptopsAndNotebooksPage :162 - clickOnShowAllLaptopsAndNotebooks[[ChromeDriver: chrome on WINDOWS (e9ae3646204277ca9726c82edd1f3a7a)] -> xpath: //a[contains(text(),'Show All Laptops & Notebooks')]]
2022-12-20 16:54:50 INFO  LaptopsAndNotebooksPage :167 - Sort By PriceHighToLow[[ChromeDriver: chrome on WINDOWS (e9ae3646204277ca9726c82edd1f3a7a)] -> xpath: //select[@id='input-sort']]
2022-12-20 16:54:51 INFO  LaptopsAndNotebooksPage :205 - Click On MacBookTab[[ChromeDriver: chrome on WINDOWS (e9ae3646204277ca9726c82edd1f3a7a)] -> link text: MacBook]
2022-12-20 16:54:52 INFO  LaptopsAndNotebooksPage :210 - Click On AddToCartButton[[ChromeDriver: chrome on WINDOWS (e9ae3646204277ca9726c82edd1f3a7a)] -> xpath: //button[@id='button-cart']]
2022-12-20 16:54:52 INFO  LaptopsAndNotebooksPage :215 - Get SuccessText From Link[[ChromeDriver: chrome on WINDOWS (e9ae3646204277ca9726c82edd1f3a7a)] -> xpath: //div[@class='alert alert-success alert-dismissible']]
2022-12-20 16:54:52 INFO  LaptopsAndNotebooksPage :220 - Click On ShoppingCart[[ChromeDriver: chrome on WINDOWS (e9ae3646204277ca9726c82edd1f3a7a)] -> xpath: //span[contains(text(),'Shopping Cart')]]
2022-12-20 16:54:53 INFO  LaptopsAndNotebooksPage :225 - get ShoppingCart Message[[ChromeDriver: chrome on WINDOWS (e9ae3646204277ca9726c82edd1f3a7a)] -> xpath: //a[contains(text(),'Shopping Cart')]]
2022-12-20 16:54:53 INFO  LaptopsAndNotebooksPage :230 - Get VerifyProduct Macbook[[ChromeDriver: chrome on WINDOWS (e9ae3646204277ca9726c82edd1f3a7a)] -> link text: MacBook]
2022-12-20 16:54:53 INFO  LaptopsAndNotebooksPage :239 - sendTextChangeQuantityTo2[[ChromeDriver: chrome on WINDOWS (e9ae3646204277ca9726c82edd1f3a7a)] -> xpath: //input[contains(@name, 'quantity')]]
2022-12-20 16:54:53 INFO  LaptopsAndNotebooksPage :244 - Click On UpdateCart[[ChromeDriver: chrome on WINDOWS (e9ae3646204277ca9726c82edd1f3a7a)] -> xpath: //button[contains(@data-original-title, 'Update')]]
2022-12-20 16:54:54 INFO  LaptopsAndNotebooksPage :249 - getSuccessModifiedCartMessage[[ChromeDriver: chrome on WINDOWS (e9ae3646204277ca9726c82edd1f3a7a)] -> xpath: //div[@id='checkout-cart']/div[1]]
2022-12-20 16:54:54 INFO  LaptopsAndNotebooksPage :254 - Get VerifyTotal[[ChromeDriver: chrome on WINDOWS (e9ae3646204277ca9726c82edd1f3a7a)] -> xpath: //tbody/tr[1]/td[6]]
2022-12-20 16:54:54 INFO  LaptopsAndNotebooksPage :259 - Click On CheckoutButton[[ChromeDriver: chrome on WINDOWS (e9ae3646204277ca9726c82edd1f3a7a)] -> xpath: //a[contains(text(),'Checkout')]]
2022-12-20 16:54:54 INFO  LaptopsAndNotebooksPage :264 - Get Checkout Text[[ChromeDriver: chrome on WINDOWS (e9ae3646204277ca9726c82edd1f3a7a)] -> xpath: //h1[contains(text(),'Checkout')]]
2022-12-20 16:55:00 INFO  LaptopsAndNotebooksPage :269 - Get NewCustomer Text[[ChromeDriver: chrome on WINDOWS (e9ae3646204277ca9726c82edd1f3a7a)] -> xpath: //div[@class='col-sm-6']//h2]
2022-12-20 16:55:00 INFO  LaptopsAndNotebooksPage :274 - Click On GuestCheckoutRadioButton[[ChromeDriver: chrome on WINDOWS (e9ae3646204277ca9726c82edd1f3a7a)] -> xpath: //input[@name='account' and @value='guest']]
2022-12-20 16:55:00 INFO  LaptopsAndNotebooksPage :279 - Click On ContinueTab[[ChromeDriver: chrome on WINDOWS (e9ae3646204277ca9726c82edd1f3a7a)] -> xpath: //input[@id='button-account']]
2022-12-20 16:55:00 INFO  LaptopsAndNotebooksPage :284 - Enter Name Jack in firstname field[[ChromeDriver: chrome on WINDOWS (e9ae3646204277ca9726c82edd1f3a7a)] -> name: firstname]
2022-12-20 16:55:00 INFO  LaptopsAndNotebooksPage :289 - Enter LastName Sparrow in lastname field [[ChromeDriver: chrome on WINDOWS (e9ae3646204277ca9726c82edd1f3a7a)] -> name: lastname]
2022-12-20 16:55:01 INFO  LaptopsAndNotebooksPage :294 - Enter Email  jack1003@gmail.com to email field[[ChromeDriver: chrome on WINDOWS (e9ae3646204277ca9726c82edd1f3a7a)] -> id: input-payment-email]
2022-12-20 16:55:01 INFO  LaptopsAndNotebooksPage :299 - Enter Telephone 07722567890 in telephone field 07722567890
2022-12-20 16:55:01 INFO  LaptopsAndNotebooksPage :304 - enter Address[[ChromeDriver: chrome on WINDOWS (e9ae3646204277ca9726c82edd1f3a7a)] -> name: address_1]
2022-12-20 16:55:01 INFO  LaptopsAndNotebooksPage :309 - Enter City [[ChromeDriver: chrome on WINDOWS (e9ae3646204277ca9726c82edd1f3a7a)] -> name: city]
2022-12-20 16:55:01 INFO  LaptopsAndNotebooksPage :314 - Enter Postcode[[ChromeDriver: chrome on WINDOWS (e9ae3646204277ca9726c82edd1f3a7a)] -> name: postcode]
2022-12-20 16:55:01 INFO  LaptopsAndNotebooksPage :319 - enter Country[[ChromeDriver: chrome on WINDOWS (e9ae3646204277ca9726c82edd1f3a7a)] -> id: input-payment-country]
2022-12-20 16:55:01 INFO  LaptopsAndNotebooksPage :324 - enter Zone[[ChromeDriver: chrome on WINDOWS (e9ae3646204277ca9726c82edd1f3a7a)] -> id: input-payment-zone]
2022-12-20 16:55:02 INFO  LaptopsAndNotebooksPage :329 - clickOnContinueButton[[ChromeDriver: chrome on WINDOWS (e9ae3646204277ca9726c82edd1f3a7a)] -> xpath: //input[@id='button-guest']]
2022-12-20 16:55:02 INFO  LaptopsAndNotebooksPage :334 - enterTextToTextArea[[ChromeDriver: chrome on WINDOWS (e9ae3646204277ca9726c82edd1f3a7a)] -> xpath: //textarea[@name='comment']]
2022-12-20 16:55:07 INFO  LaptopsAndNotebooksPage :339 - clickOnTermsAndConditionsCheckbox[[ChromeDriver: chrome on WINDOWS (e9ae3646204277ca9726c82edd1f3a7a)] -> name: agree]
2022-12-20 16:55:07 INFO  LaptopsAndNotebooksPage :344 - clickOnFinalContinueButton[[ChromeDriver: chrome on WINDOWS (e9ae3646204277ca9726c82edd1f3a7a)] -> xpath: //input[@id='button-payment-method']]
2022-12-20 16:55:08 INFO  LaptopsAndNotebooksPage :349 - getWarningPaymentMethodRequiredText[[ChromeDriver: chrome on WINDOWS (e9ae3646204277ca9726c82edd1f3a7a)] -> xpath: //div[@class='alert alert-danger alert-dismissible']]
2022-12-20 16:55:12 INFO  MyAccountPage :109 - click On MyAccount Link [[ChromeDriver: chrome on WINDOWS (945389ac7529b6b22403f13661e3507a)] -> xpath: //span[contains(text(),'My Account')]]
2022-12-20 16:55:33 INFO  MyAccountPage :115 - getRegisterAccountMessage[[ChromeDriver: chrome on WINDOWS (945389ac7529b6b22403f13661e3507a)] -> xpath: //h1[contains(text(),'Register Account')]]
2022-12-20 16:55:37 INFO  MyAccountPage :109 - click On MyAccount Link [[ChromeDriver: chrome on WINDOWS (d6053257db95bfbcb31efe9666c0a418)] -> xpath: //span[contains(text(),'My Account')]]
2022-12-20 16:55:37 INFO  MyAccountPage :120 - getReturningCustomerMessage[[ChromeDriver: chrome on WINDOWS (d6053257db95bfbcb31efe9666c0a418)] -> xpath: //h2[contains(text(),'Returning Customer')]]
2022-12-20 16:55:40 INFO  MyAccountPage :109 - click On MyAccount Link [[ChromeDriver: chrome on WINDOWS (b2cf53eb51f4be4f94b0742f521f88e1)] -> xpath: //span[contains(text(),'My Account')]]
2022-12-20 16:56:01 INFO  MyAccountPage :125 - Enter First Name Leo in field[[ChromeDriver: chrome on WINDOWS (b2cf53eb51f4be4f94b0742f521f88e1)] -> id: input-firstname]
2022-12-20 16:56:01 INFO  MyAccountPage :130 - Enter First Name Messi in field[[ChromeDriver: chrome on WINDOWS (b2cf53eb51f4be4f94b0742f521f88e1)] -> id: input-lastname]
2022-12-20 16:56:02 INFO  MyAccountPage :135 - Enter messi102@gmail.com EmailId[[ChromeDriver: chrome on WINDOWS (b2cf53eb51f4be4f94b0742f521f88e1)] -> id: input-email]
2022-12-20 16:56:02 INFO  MyAccountPage :140 - Enter 07717223344Phone Number[[ChromeDriver: chrome on WINDOWS (b2cf53eb51f4be4f94b0742f521f88e1)] -> id: input-telephone]
2022-12-20 16:56:02 INFO  MyAccountPage :145 - Enter Password Test123 in password field[[ChromeDriver: chrome on WINDOWS (b2cf53eb51f4be4f94b0742f521f88e1)] -> id: input-password]
2022-12-20 16:56:02 INFO  MyAccountPage :150 - enter ConfirmPassword [[ChromeDriver: chrome on WINDOWS (b2cf53eb51f4be4f94b0742f521f88e1)] -> id: input-confirm]
2022-12-20 16:56:02 INFO  MyAccountPage :155 - clickSubscribeOnYesRadioButton [[ChromeDriver: chrome on WINDOWS (b2cf53eb51f4be4f94b0742f521f88e1)] -> xpath: //input[@name='newsletter']]
2022-12-20 16:56:02 INFO  MyAccountPage :160 - clickOnPrivacyPolicyCheckBox[[ChromeDriver: chrome on WINDOWS (b2cf53eb51f4be4f94b0742f521f88e1)] -> xpath: //div[@class = 'buttons']//input[@name='agree']]
2022-12-20 16:56:02 INFO  MyAccountPage :165 - clickOnContinue1[[ChromeDriver: chrome on WINDOWS (b2cf53eb51f4be4f94b0742f521f88e1)] -> xpath: //div[@class = 'buttons']//input[@value='Continue']]
2022-12-20 16:56:03 INFO  MyAccountPage :170 - getAccountCreatedMessage[[ChromeDriver: chrome on WINDOWS (b2cf53eb51f4be4f94b0742f521f88e1)] -> xpath: //h1[contains(text(),'Your Account Has Been Created!')]]
2022-12-20 16:56:03 INFO  MyAccountPage :175 - clickOnContinueButton2[[ChromeDriver: chrome on WINDOWS (b2cf53eb51f4be4f94b0742f521f88e1)] -> xpath: //a[contains(text(),'Continue')]]
2022-12-20 16:56:04 INFO  MyAccountPage :180 - clickOnMyAccountTab[[ChromeDriver: chrome on WINDOWS (b2cf53eb51f4be4f94b0742f521f88e1)] -> xpath: //span[contains(text(),'My Account')]]
2022-12-20 16:56:05 INFO  MyAccountPage :185 - getAccountLogoutMessage[[ChromeDriver: chrome on WINDOWS (b2cf53eb51f4be4f94b0742f521f88e1)] -> xpath: //h1[contains(text(),'Account Logout')]]
2022-12-20 16:56:05 INFO  MyAccountPage :190 - click On Continue Button3[[ChromeDriver: chrome on WINDOWS (b2cf53eb51f4be4f94b0742f521f88e1)] -> xpath: //a[contains(text(),'Continue')]]
2022-12-20 16:56:09 INFO  MyAccountPage :109 - click On MyAccount Link [[ChromeDriver: chrome on WINDOWS (f435c952ccb93a6cdfbb74f58dcfd284)] -> xpath: //span[contains(text(),'My Account')]]
2022-12-20 16:56:09 INFO  MyAccountPage :135 - Enter messi101@gmail.com EmailId[[ChromeDriver: chrome on WINDOWS (f435c952ccb93a6cdfbb74f58dcfd284)] -> id: input-email]
2022-12-20 16:56:09 INFO  MyAccountPage :145 - Enter Password Test123 in password field[[ChromeDriver: chrome on WINDOWS (f435c952ccb93a6cdfbb74f58dcfd284)] -> id: input-password]
2022-12-20 16:56:10 INFO  MyAccountPage :195 - clickOnLogin[[ChromeDriver: chrome on WINDOWS (f435c952ccb93a6cdfbb74f58dcfd284)] -> xpath: //form[contains(@action,'login')]//input[@type='submit']]
2022-12-20 16:56:10 INFO  MyAccountPage :200 - getMyAccountText[[ChromeDriver: chrome on WINDOWS (f435c952ccb93a6cdfbb74f58dcfd284)] -> xpath: //h2[contains(text(),'My Account')]]
2022-12-20 16:56:10 INFO  MyAccountPage :180 - clickOnMyAccountTab[[ChromeDriver: chrome on WINDOWS (f435c952ccb93a6cdfbb74f58dcfd284)] -> xpath: //span[contains(text(),'My Account')]]
2022-12-20 16:56:11 INFO  MyAccountPage :185 - getAccountLogoutMessage[[ChromeDriver: chrome on WINDOWS (f435c952ccb93a6cdfbb74f58dcfd284)] -> xpath: //h1[contains(text(),'Account Logout')]]
2022-12-20 16:56:11 INFO  MyAccountPage :190 - click On Continue Button3[[ChromeDriver: chrome on WINDOWS (f435c952ccb93a6cdfbb74f58dcfd284)] -> xpath: //a[contains(text(),'Continue')]]
2022-12-20 16:56:15 INFO  TopMenuPage :62 -  Mousehover and Click on desktop [[ChromeDriver: chrome on WINDOWS (5670eebb6ea66b9389ec834b251954fd)] -> link text: Desktops]
2022-12-20 16:56:16 INFO  TopMenuPage :48 - Select menu [[ChromeDriver: chrome on WINDOWS (5670eebb6ea66b9389ec834b251954fd)] -> xpath: //nav[@id='menu']//ul/li[contains(@class, 'open')]/div/child::*]
2022-12-20 16:56:17 INFO  TopMenuPage :67 - get Text Desktop[[ChromeDriver: chrome on WINDOWS (5670eebb6ea66b9389ec834b251954fd)] -> xpath: //h2[contains(text(),'Desktops')]]
2022-12-20 16:56:20 INFO  TopMenuPage :72 - mouseHoverOnLaptopsAndNotebooksTab[[ChromeDriver: chrome on WINDOWS (5d26159aad2b59ba7d1f886292ff02c1)] -> link text: Laptops & Notebooks]
2022-12-20 16:56:22 INFO  TopMenuPage :48 - Select menu [[ChromeDriver: chrome on WINDOWS (5d26159aad2b59ba7d1f886292ff02c1)] -> xpath: //nav[@id='menu']//ul/li[contains(@class, 'open')]/div/child::*]
2022-12-20 16:56:22 INFO  TopMenuPage :77 - getLaptopsAndNotebooksText[[ChromeDriver: chrome on WINDOWS (5d26159aad2b59ba7d1f886292ff02c1)] -> xpath: //h2[contains(text(),'Laptops & Notebooks')]]
2022-12-20 16:56:26 INFO  TopMenuPage :82 - mouseHoverToComponentsTab[[ChromeDriver: chrome on WINDOWS (198ba730d8e28dcc7f336fd605a8bb7c)] -> link text: Components]
2022-12-20 16:56:27 INFO  TopMenuPage :48 - Select menu [[ChromeDriver: chrome on WINDOWS (198ba730d8e28dcc7f336fd605a8bb7c)] -> xpath: //nav[@id='menu']//ul/li[contains(@class, 'open')]/div/child::*]
2022-12-20 16:56:27 INFO  TopMenuPage :87 - getComponentsText[[ChromeDriver: chrome on WINDOWS (198ba730d8e28dcc7f336fd605a8bb7c)] -> xpath: //h2[contains(text(),'Components')]]
